2020-07-31 10:26:34,002 Input repository path validated successfully
2020-07-31 10:26:34,002 Input report folder path validated successfully
2020-07-31 10:26:34,005 Extracting C:\Users\320074769\Downloads\My_Repos\Python_Repos\functiondefextractor\test_resource\test_repo\src\CerberusTest.java
2020-07-31 10:26:34,322 Successfully extracted C:\Users\320074769\Downloads\My_Repos\Python_Repos\functiondefextractor\test_resource\test_repo\src\CerberusTest.java
2020-07-31 10:26:34,322 Extracting C:\Users\320074769\Downloads\My_Repos\Python_Repos\functiondefextractor\test_resource\test_repo\src\HelloController.java
2020-07-31 10:26:34,640 Successfully extracted C:\Users\320074769\Downloads\My_Repos\Python_Repos\functiondefextractor\test_resource\test_repo\src\HelloController.java
2020-07-31 10:26:34,640 Extracting C:\Users\320074769\Downloads\My_Repos\Python_Repos\functiondefextractor\test_resource\test_repo\src\python_annot_file.py
2020-07-31 10:26:34,863 Successfully extracted C:\Users\320074769\Downloads\My_Repos\Python_Repos\functiondefextractor\test_resource\test_repo\src\python_annot_file.py
2020-07-31 10:26:34,864 Extracting C:\Users\320074769\Downloads\My_Repos\Python_Repos\functiondefextractor\test_resource\test_repo\src\python_file.py
2020-07-31 10:26:35,077 Successfully extracted C:\Users\320074769\Downloads\My_Repos\Python_Repos\functiondefextractor\test_resource\test_repo\src\python_file.py
2020-07-31 10:26:35,078 Extracting C:\Users\320074769\Downloads\My_Repos\Python_Repos\functiondefextractor\test_resource\test_repo\src\test_c.c
2020-07-31 10:26:35,399 Successfully extracted C:\Users\320074769\Downloads\My_Repos\Python_Repos\functiondefextractor\test_resource\test_repo\src\test_c.c
2020-07-31 10:26:35,399 Extracting C:\Users\320074769\Downloads\My_Repos\Python_Repos\functiondefextractor\test_resource\test_repo\src\test_cpp_code.cpp
2020-07-31 10:26:35,696 Successfully extracted C:\Users\320074769\Downloads\My_Repos\Python_Repos\functiondefextractor\test_resource\test_repo\src\test_cpp_code.cpp
2020-07-31 10:26:35,697 Extracting C:\Users\320074769\Downloads\My_Repos\Python_Repos\functiondefextractor\test_resource\test_repo\src\test_guardrails.py
2020-07-31 10:26:36,000 Successfully extracted C:\Users\320074769\Downloads\My_Repos\Python_Repos\functiondefextractor\test_resource\test_repo\src\test_guardrails.py
2020-07-31 10:26:36,001 Extracting C:\Users\320074769\Downloads\My_Repos\Python_Repos\functiondefextractor\test_resource\test_repo\src\test_repo.java
2020-07-31 10:26:36,388 Successfully extracted C:\Users\320074769\Downloads\My_Repos\Python_Repos\functiondefextractor\test_resource\test_repo\src\test_repo.java
2020-07-31 10:26:36,388 Extracting C:\Users\320074769\Downloads\My_Repos\Python_Repos\functiondefextractor\test_resource\test_repo\src\typescript_sample.js
2020-07-31 10:26:36,708 Successfully extracted C:\Users\320074769\Downloads\My_Repos\Python_Repos\functiondefextractor\test_resource\test_repo\src\typescript_sample.js
2020-07-31 10:26:36,708 Extracting C:\Users\320074769\Downloads\My_Repos\Python_Repos\functiondefextractor\test_resource\test_repo\src\typescript_sample.ts
2020-07-31 10:26:37,080 Successfully extracted C:\Users\320074769\Downloads\My_Repos\Python_Repos\functiondefextractor\test_resource\test_repo\src\typescript_sample.ts
2020-07-31 10:26:37,080 Extracting C:\Users\320074769\Downloads\My_Repos\Python_Repos\functiondefextractor\test_resource\test_repo\test\TestHelloController.java
2020-07-31 10:26:37,498 Successfully extracted C:\Users\320074769\Downloads\My_Repos\Python_Repos\functiondefextractor\test_resource\test_repo\test\TestHelloController.java
2020-07-31 10:26:37,498 Extracting C:\Users\320074769\Downloads\My_Repos\Python_Repos\functiondefextractor\test_resource\test_repo\tst\test.cs
2020-07-31 10:26:37,836 Successfully extracted C:\Users\320074769\Downloads\My_Repos\Python_Repos\functiondefextractor\test_resource\test_repo\tst\test.cs
2020-07-31 10:26:37,836 Extracting C:\Users\320074769\Downloads\My_Repos\Python_Repos\functiondefextractor\test_resource\test_repo\tst\TstHelloController.java
2020-07-31 10:26:38,167 Successfully extracted C:\Users\320074769\Downloads\My_Repos\Python_Repos\functiondefextractor\test_resource\test_repo\tst\TstHelloController.java
2020-07-31 10:26:38,167 Extraction process took 0.069 minutes
2020-07-31 10:26:38,172 13 vaild files has been analysed
